<?xml version="1.0" encoding="UTF-8"?>
<!-- Generated by org.testng.reporters.JUnitReportReporter -->
<testsuite hostname="DESKTOP-EG2DGMI" failures="0" tests="6" name="com.nopcommerce.user.Level_20_Manage_Data_Part_IV_ReadJsonFile" time="44.147" errors="0" timestamp="25 May 2023 13:47:38 GMT" skipped="0">
  <testcase classname="com.nopcommerce.user.Level_20_Manage_Data_Part_IV_ReadJsonFile" name="User_03_My_Account" time="3.113"/>
  <testcase classname="com.nopcommerce.user.Level_20_Manage_Data_Part_IV_ReadJsonFile" name="User_01_Register" time="15.761"/>
  <testcase classname="com.nopcommerce.user.Level_20_Manage_Data_Part_IV_ReadJsonFile" name="User_01_Register" time="11.199"/>
  <testcase classname="com.nopcommerce.user.Level_20_Manage_Data_Part_IV_ReadJsonFile" name="User_02_Login" time="5.134"/>
  <testcase classname="com.nopcommerce.user.Level_20_Manage_Data_Part_IV_ReadJsonFile" name="User_02_Login" time="5.889"/>
  <testcase classname="com.nopcommerce.user.Level_20_Manage_Data_Part_IV_ReadJsonFile" name="User_03_My_Account" time="3.051"/>
</testsuite> <!-- com.nopcommerce.user.Level_20_Manage_Data_Part_IV_ReadJsonFile -->
