<?xml version="1.0" encoding="UTF-8"?>
<!-- Generated by org.testng.reporters.JUnitReportReporter -->
<testsuite hostname="DESKTOP-EG2DGMI" failures="0" tests="6" name="com.nopcommerce.user.Level_20_Manage_Data_Part_III" time="35.934" errors="0" timestamp="25 May 2023 13:34:20 GMT" skipped="0">
  <testcase classname="com.nopcommerce.user.Level_20_Manage_Data_Part_III" name="User_01_Register" time="12.549"/>
  <testcase classname="com.nopcommerce.user.Level_20_Manage_Data_Part_III" name="User_01_Register" time="9.405"/>
  <testcase classname="com.nopcommerce.user.Level_20_Manage_Data_Part_III" name="User_03_My_Account" time="1.940"/>
  <testcase classname="com.nopcommerce.user.Level_20_Manage_Data_Part_III" name="User_02_Login" time="3.890"/>
  <testcase classname="com.nopcommerce.user.Level_20_Manage_Data_Part_III" name="User_02_Login" time="5.892"/>
  <testcase classname="com.nopcommerce.user.Level_20_Manage_Data_Part_III" name="User_03_My_Account" time="2.258"/>
</testsuite> <!-- com.nopcommerce.user.Level_20_Manage_Data_Part_III -->
