<?xml version="1.0" encoding="UTF-8"?>
<!-- Generated by org.testng.reporters.JUnitReportReporter -->
<testsuite hostname="DESKTOP-EG2DGMI" failures="0" tests="6" name="com.nopcommerce.user.Level_20_Manage_Data_Part_IV_ReadJsonFile" time="90.053" errors="0" timestamp="25 May 2023 15:33:02 GMT" skipped="0">
  <testcase classname="com.nopcommerce.user.Level_20_Manage_Data_Part_IV_ReadJsonFile" name="User_02_Login" time="10.891"/>
  <testcase classname="com.nopcommerce.user.Level_20_Manage_Data_Part_IV_ReadJsonFile" name="User_01_Register" time="29.826"/>
  <testcase classname="com.nopcommerce.user.Level_20_Manage_Data_Part_IV_ReadJsonFile" name="User_03_My_Account" time="6.127"/>
  <testcase classname="com.nopcommerce.user.Level_20_Manage_Data_Part_IV_ReadJsonFile" name="User_03_My_Account" time="4.315"/>
  <testcase classname="com.nopcommerce.user.Level_20_Manage_Data_Part_IV_ReadJsonFile" name="User_02_Login" time="10.160"/>
  <testcase classname="com.nopcommerce.user.Level_20_Manage_Data_Part_IV_ReadJsonFile" name="User_01_Register" time="28.734"/>
</testsuite> <!-- com.nopcommerce.user.Level_20_Manage_Data_Part_IV_ReadJsonFile -->
